[{"make_stdout": "Make: Entering directory `C:/Users/teenage/cces/2.8.3/benchmarks/Debug'\r\n'Building file: ../src/benchmarks.c'\r\n'Invoking: CrossCore Blackfin C/C++ Compiler'\r\nccblkfn -c -file-attr ProjectName=\"benchmarks\" -proc ADSP-BF706 -flags-compiler --no_wrap_diagnostics -si-revision any -O -Ov100 -g -save-temps -path-output ./src -DCORE0 -DDO_CYCLE_COUNTS -D_DEBUG @includes-82ca5fa243914368d3938f2dd3d043f3.txt -structs-do-not-overlap -no-const-strings -no-multiline -w -double-size-32 -decls-strong -cplbs -gnu-style-dependencies -MD -Mo \"src/benchmarks.d\" -o \"src/benchmarks.doj\" \"../src/benchmarks.c\"\r\n'Finished building: ../src/benchmarks.c'\r\n' '\r\n'Building target: benchmarks.dxe'\r\n'Invoking: CrossCore Blackfin Linker'\r\nccblkfn -proc ADSP-BF706 -si-revision any -TC:/Users/teenage/cces/2.8.3/benchmarks/system/startup_ldf/app.ldf -no-mem -LC:/Users/teenage/cces/2.8.3/benchmarks/Debug/system/startup_ldf -flags-link -MDCORE0,-MDDEBUG -add-debug-libpaths -o benchmarks.dxe @input-file.txt  -flags-link -od,.\\.\r\n'Finished building target: benchmarks.dxe'\r\n' '\r\nMake: Leaving directory `C:/Users/teenage/cces/2.8.3/benchmarks/Debug'\r\n", "make_stderr": "", "cces_runner_stdout": "notest\r\ncycles:11\r\ntest#: 0\r\nnumbenchmarks: 1\r\n", "cces_runner_stderr": "", "name": "notest", "cycles": 11, "numbenchmarks": "1\r\n"}, {"make_stdout": "Make: Entering directory `C:/Users/teenage/cces/2.8.3/benchmarks/Debug'\r\n'Building file: ../src/benchmarks.c'\r\n'Invoking: CrossCore Blackfin C/C++ Compiler'\r\nccblkfn -c -file-attr ProjectName=\"benchmarks\" -proc ADSP-BF706 -flags-compiler --no_wrap_diagnostics -si-revision any -O -Ov100 -g -save-temps -path-output ./src -DCORE0 -DDO_CYCLE_COUNTS -D_DEBUG @includes-82ca5fa243914368d3938f2dd3d043f3.txt -structs-do-not-overlap -no-const-strings -no-multiline -w -double-size-32 -decls-strong -cplbs -gnu-style-dependencies -MD -Mo \"src/benchmarks.d\" -o \"src/benchmarks.doj\" \"../src/benchmarks.c\"\r\nMake: Leaving directory `C:/Users/teenage/cces/2.8.3/benchmarks/Debug'\r\n", "make_stderr": "\"..\\src\\benchmarks.c\", line 109: cc0101:  error: \"n\" has already been declared in the current scope\r\n          int n = 5;\r\n              ^\r\n\r\n1 error detected in the compilation of \"..\\src\\benchmarks.c\".\r\ncc3089: fatal error: Compilation failed (code:2)\r\nMake: *** [src/benchmarks.doj] Error 1\r\n"}]